<?xml version="1.0" encoding="UTF-8"?>
<testsuite xmlns:xsi="http://www.w3.org/2001/XMLSchema-instance" xsi:noNamespaceSchemaLocation="https://maven.apache.org/surefire/maven-surefire-plugin/xsd/surefire-test-report.xsd" name="com.example.MyStackTest" time="0.087" tests="10" errors="0" skipped="0" failures="0">
  <properties>
[...]
</properties>
  <testcase name="testPushTornaPilhaNaoVazia" classname="com.example.MyStackTest" time="0.039"/>
  <testcase name="testPeekEmPilhaVaziaRetornaNull" classname="com.example.MyStackTest" time="0.001"/>
  <testcase name="testPushSeguidoDePeekRetornaElementoCorreto" classname="com.example.MyStackTest" time="0.004"/>
  <testcase name="testSequenciaCompletaOperacoes" classname="com.example.MyStackTest" time="0.004"/>
  <testcase name="testPopEmPilhaVaziaRetornaNull" classname="com.example.MyStackTest" time="0.001"/>
  <testcase name="testPilhaIniciaVazia" classname="com.example.MyStackTest" time="0.002"/>
  <testcase name="testPopAteEsvaziarPilha" classname="com.example.MyStackTest" time="0.001"/>
  <testcase name="testPushSeguidoDePopRetornaElementoCorreto" classname="com.example.MyStackTest" time="0.001"/>
  <testcase name="testPopDepoisDeEsvaziarRetornaNull" classname="com.example.MyStackTest" time="0.001"/>
  <testcase name="testLIFOComTresElementos" classname="com.example.MyStackTest" time="0.002"/>
</testsuite>